
/home/runner/work/exp-accelerometer-coep/exp-accelerometer-coep/experiment/simulation/lib/jquery.js
  2:58     warning  'module' is not defined                                                    no-undef
  2:73     warning  'module' is not defined                                                    no-undef
  2:6324   warning  Expected a conditional expression and instead saw an assignment            no-cond-assign
  2:6580   warning  Expected a conditional expression and instead saw an assignment            no-cond-assign
  2:7011   warning  Expected a conditional expression and instead saw an assignment            no-cond-assign
  2:7270   warning  Empty block statement                                                      no-empty
  2:7839   warning  Expected a conditional expression and instead saw an assignment            no-cond-assign
  2:9709   warning  Expected a conditional expression and instead saw an assignment            no-cond-assign
  2:11311  warning  Expected a conditional expression and instead saw an assignment            no-cond-assign
  2:11887  warning  Expected a conditional expression and instead saw an assignment            no-cond-assign
  2:11925  warning  Expected a conditional expression and instead saw an assignment            no-cond-assign
  2:12343  warning  Empty block statement                                                      no-empty
  2:12906  warning  Expected a conditional expression and instead saw an assignment            no-cond-assign
  2:13218  warning  Expected a conditional expression and instead saw an assignment            no-cond-assign
  2:15046  warning  Expected a conditional expression and instead saw an assignment            no-cond-assign
  2:15317  warning  Expected a conditional expression and instead saw an assignment            no-cond-assign
  2:15517  warning  Expected a conditional expression and instead saw an assignment            no-cond-assign
  2:15893  warning  Do not access Object.prototype method 'hasOwnProperty' from target object  no-prototype-builtins
  2:16598  warning  Expected a conditional expression and instead saw an assignment            no-cond-assign
  2:18982  warning  Expected a conditional expression and instead saw an assignment            no-cond-assign
  2:19073  warning  Expected a conditional expression and instead saw an assignment            no-cond-assign
  2:19133  warning  Expected a conditional expression and instead saw an assignment            no-cond-assign
  2:20435  warning  Expected a conditional expression and instead saw an assignment            no-cond-assign
  2:21049  warning  Expected a conditional expression and instead saw an assignment            no-cond-assign
  2:21160  warning  Expected a conditional expression and instead saw an assignment            no-cond-assign
  2:23420  warning  Unnecessary escape character: \[                                           no-useless-escape
  2:23422  warning  Unnecessary escape character: \.                                           no-useless-escape
  2:30761  warning  Empty block statement                                                      no-empty
  2:31981  warning  Empty block statement                                                      no-empty
  3:7811   warning  Expected a conditional expression and instead saw an assignment            no-cond-assign
  3:7951   warning  Expected a conditional expression and instead saw an assignment            no-cond-assign
  3:8441   warning  Empty block statement                                                      no-empty
  3:11852  warning  Empty block statement                                                      no-empty
  3:14493  warning  Empty block statement                                                      no-empty
  3:24051  warning  Empty block statement                                                      no-empty
  3:26100  warning  Move function declaration to function body root                            no-inner-declarations
  3:30714  warning  Empty block statement                                                      no-empty
  4:2546   warning  Expected a conditional expression and instead saw an assignment            no-cond-assign
  4:5062   warning  Expected a conditional expression and instead saw an assignment            no-cond-assign
  4:11701  warning  Expected a conditional expression and instead saw an assignment            no-cond-assign
  4:13447  warning  Empty block statement                                                      no-empty
  4:14747  warning  Expected a conditional expression and instead saw an assignment            no-cond-assign
  4:14827  warning  Expected a conditional expression and instead saw an assignment            no-cond-assign
  4:15164  warning  Expected a conditional expression and instead saw an assignment            no-cond-assign
  4:15244  warning  Expected a conditional expression and instead saw an assignment            no-cond-assign
  4:15659  warning  Expected a conditional expression and instead saw an assignment            no-cond-assign
  4:15915  warning  Expected a conditional expression and instead saw an assignment            no-cond-assign
  4:16492  warning  Unnecessary escape character: \/                                           no-useless-escape
  4:17365  warning  Unnecessary escape character: \/                                           no-useless-escape
  4:17377  warning  Unnecessary escape character: \/                                           no-useless-escape
  4:17610  warning  Expected a conditional expression and instead saw an assignment            no-cond-assign
  4:20109  warning  Expected a conditional expression and instead saw an assignment            no-cond-assign
  4:22009  warning  Expected a conditional expression and instead saw an assignment            no-cond-assign
  4:27128  warning  Empty block statement                                                      no-empty
  4:27205  warning  Empty block statement                                                      no-empty
  5:812    warning  'define' is not defined                                                    no-undef
  5:824    warning  'define' is not defined                                                    no-undef

/home/runner/work/exp-accelerometer-coep/exp-accelerometer-coep/experiment/simulation/lib/jquery.min.js
  2:71     warning  'module' is not defined                                                    no-undef
  2:86     warning  'module' is not defined                                                    no-undef
  2:5433   warning  Unexpected control character(s) in regular expression: \x1f, \x1f          no-control-regex
  2:5916   warning  Expected a conditional expression and instead saw an assignment            no-cond-assign
  2:6170   warning  Expected a conditional expression and instead saw an assignment            no-cond-assign
  2:6614   warning  Expected a conditional expression and instead saw an assignment            no-cond-assign
  2:7404   warning  Expected a conditional expression and instead saw an assignment            no-cond-assign
  2:9497   warning  Expected a conditional expression and instead saw an assignment            no-cond-assign
  2:9807   warning  Expected a conditional expression and instead saw an assignment            no-cond-assign
  2:11608  warning  Expected a conditional expression and instead saw an assignment            no-cond-assign
  2:12183  warning  Expected a conditional expression and instead saw an assignment            no-cond-assign
  2:12221  warning  Expected a conditional expression and instead saw an assignment            no-cond-assign
  2:13234  warning  Expected a conditional expression and instead saw an assignment            no-cond-assign
  2:13546  warning  Expected a conditional expression and instead saw an assignment            no-cond-assign
  2:15374  warning  Expected a conditional expression and instead saw an assignment            no-cond-assign
  2:15645  warning  Expected a conditional expression and instead saw an assignment            no-cond-assign
  2:15843  warning  Expected a conditional expression and instead saw an assignment            no-cond-assign
  2:16217  warning  Do not access Object.prototype method 'hasOwnProperty' from target object  no-prototype-builtins
  2:16907  warning  Expected a conditional expression and instead saw an assignment            no-cond-assign
  2:18727  warning  Expected a conditional expression and instead saw an assignment            no-cond-assign
  2:18827  warning  Expected a conditional expression and instead saw an assignment            no-cond-assign
  2:18887  warning  Expected a conditional expression and instead saw an assignment            no-cond-assign
  2:19071  warning  Expected a conditional expression and instead saw an assignment            no-cond-assign
  2:20240  warning  Expected a conditional expression and instead saw an assignment            no-cond-assign
  2:21514  warning  Expected a conditional expression and instead saw an assignment            no-cond-assign
  2:21625  warning  Expected a conditional expression and instead saw an assignment            no-cond-assign
  2:23791  warning  Unnecessary escape character: \/                                           no-useless-escape
  2:33395  warning  Empty block statement                                                      no-empty
  2:37269  warning  Unnecessary escape character: \/                                           no-useless-escape
  2:38490  warning  Expected a conditional expression and instead saw an assignment            no-cond-assign
  2:38606  warning  Expected a conditional expression and instead saw an assignment            no-cond-assign
  2:39234  warning  Empty block statement                                                      no-empty
  2:46727  warning  Unnecessary escape character: \/                                           no-useless-escape
  2:49033  warning  Expected a conditional expression and instead saw an assignment            no-cond-assign
  2:50593  warning  Empty block statement                                                      no-empty
  2:58406  warning  Expected a conditional expression and instead saw an assignment            no-cond-assign
  2:59575  warning  Expected a conditional expression and instead saw an assignment            no-cond-assign
  2:65215  warning  Expected a conditional expression and instead saw an assignment            no-cond-assign
  2:66958  warning  Expected a conditional expression and instead saw an assignment            no-cond-assign
  2:67024  warning  Expected a conditional expression and instead saw an assignment            no-cond-assign
  2:67328  warning  Expected a conditional expression and instead saw an assignment            no-cond-assign
  2:67394  warning  Expected a conditional expression and instead saw an assignment            no-cond-assign
  2:67801  warning  Expected a conditional expression and instead saw an assignment            no-cond-assign
  2:68078  warning  Expected a conditional expression and instead saw an assignment            no-cond-assign
  2:73449  warning  Expected a conditional expression and instead saw an assignment            no-cond-assign
  2:75043  warning  Expected a conditional expression and instead saw an assignment            no-cond-assign
  2:75823  warning  'r.href' is assigned to itself                                             no-self-assign
  2:80414  warning  Empty block statement                                                      no-empty
  2:83525  warning  Expected a conditional expression and instead saw an assignment            no-cond-assign
  2:87869  warning  'define' is not defined                                                    no-undef
  2:87881  warning  'define' is not defined                                                    no-undef

/home/runner/work/exp-accelerometer-coep/exp-accelerometer-coep/experiment/simulation/lib/raphael.js
  5800:60  error  Parsing error: Deleting local variable in strict mode

/home/runner/work/exp-accelerometer-coep/exp-accelerometer-coep/experiment/simulation/lib/raphael.min.js
  1:66     warning  'module' is not defined                                                                                                                          no-undef
  1:112    warning  'define' is not defined                                                                                                                          no-undef
  1:123    warning  'define' is not defined                                                                                                                          no-undef
  1:161    warning  'exports' is not defined                                                                                                                         no-undef
  1:1566   warning  'DocumentTouch' is not defined                                                                                                                   no-undef
  1:2001   warning  Unnecessary escape character: \.                                                                                                                 no-useless-escape
  1:2017   warning  Unnecessary escape character: \.                                                                                                                 no-useless-escape
  1:2033   warning  Unnecessary escape character: \.                                                                                                                 no-useless-escape
  1:2052   warning  Unnecessary escape character: \.                                                                                                                 no-useless-escape
  1:2081   warning  Unnecessary escape character: \.                                                                                                                 no-useless-escape
  1:2110   warning  Unnecessary escape character: \.                                                                                                                 no-useless-escape
  1:2126   warning  Unnecessary escape character: \.                                                                                                                 no-useless-escape
  1:2145   warning  Unnecessary escape character: \.                                                                                                                 no-useless-escape
  1:2174   warning  Unnecessary escape character: \.                                                                                                                 no-useless-escape
  1:2203   warning  Unnecessary escape character: \.                                                                                                                 no-useless-escape
  1:2219   warning  Unnecessary escape character: \.                                                                                                                 no-useless-escape
  1:2238   warning  Unnecessary escape character: \.                                                                                                                 no-useless-escape
  1:2346   warning  Unnecessary escape character: \)                                                                                                                 no-useless-escape
  1:3257   warning  Unexpected control character(s) in regular expression: \x09, \x0a, \x0b, \x0c, \x0d, \x09, \x0a, \x0b, \x0c, \x0d                                no-control-regex
  1:3582   warning  Unexpected control character(s) in regular expression: \x09, \x0a, \x0b, \x0c, \x0d, \x09, \x0a, \x0b, \x0c, \x0d, \x09, \x0a, \x0b, \x0c, \x0d  no-control-regex
  1:3756   warning  Unnecessary escape character: \-                                                                                                                 no-useless-escape
  1:4055   warning  Unexpected control character(s) in regular expression: \x09, \x0a, \x0b, \x0c, \x0d, \x09, \x0a, \x0b, \x0c, \x0d, \x09, \x0a, \x0b, \x0c, \x0d  no-control-regex
  1:4222   warning  Unnecessary escape character: \-                                                                                                                 no-useless-escape
  1:4521   warning  Unexpected control character(s) in regular expression: \x09, \x0a, \x0b, \x0c, \x0d, \x09, \x0a, \x0b, \x0c, \x0d                                no-control-regex
  1:4539   warning  Unnecessary escape character: \-                                                                                                                 no-useless-escape
  1:4856   warning  Unexpected control character(s) in regular expression: \x09, \x0a, \x0b, \x0c, \x0d, \x09, \x0a, \x0b, \x0c, \x0d                                no-control-regex
  1:5154   warning  Unnecessary escape character: \)                                                                                                                 no-useless-escape
  1:7857   warning  'ActiveXObject' is not defined                                                                                                                   no-undef
  1:7931   warning  'createPopup' is not defined                                                                                                                     no-undef
  1:19015  warning  Expected a 'break' statement before 'default'                                                                                                    no-fallthrough
  1:20113  warning  Expected a 'break' statement before 'default'                                                                                                    no-fallthrough
  1:20421  warning  Expected a 'break' statement before 'default'                                                                                                    no-fallthrough
  1:24342  warning  Unnecessary escape character: \.                                                                                                                 no-useless-escape
  1:35757  warning  't' is defined but never used                                                                                                                    no-unused-vars
  1:49075  warning  'r' is defined but never used                                                                                                                    no-unused-vars
  1:50549  warning  'i' is defined but never used                                                                                                                    no-unused-vars
  1:50598  warning  'r' is defined but never used                                                                                                                    no-unused-vars
  1:52666  warning  Unnecessary escape character: \}                                                                                                                 no-useless-escape
  1:53074  warning  Empty block statement                                                                                                                            no-empty
  1:53754  warning  Unnecessary escape character: \)                                                                                                                 no-useless-escape
  1:60967  warning  Unnecessary escape character: \-                                                                                                                 no-useless-escape
  1:72245  warning  Unnecessary escape character: \-                                                                                                                 no-useless-escape
  1:72515  warning  Unnecessary escape character: \(                                                                                                                 no-useless-escape
  1:72517  warning  Unnecessary escape character: \)                                                                                                                 no-useless-escape
  1:75570  warning  Expected a conditional expression and instead saw an assignment                                                                                  no-cond-assign
  1:77369  warning  Expected a 'break' statement before 'case'                                                                                                       no-fallthrough
  1:77405  warning  Expected a 'break' statement before 'case'                                                                                                       no-fallthrough
  1:77447  warning  Expected a 'break' statement before 'case'                                                                                                       no-fallthrough
  1:77582  warning  Expected a 'break' statement before 'case'                                                                                                       no-fallthrough
  1:77619  warning  Expected a 'break' statement before 'case'                                                                                                       no-fallthrough
  1:77661  warning  Expected a 'break' statement before 'case'                                                                                                       no-fallthrough
  1:79325  warning  Expected a 'break' statement before 'case'                                                                                                       no-fallthrough
  1:79783  warning  Expected a 'break' statement before 'case'                                                                                                       no-fallthrough
  1:79973  warning  Expected a 'break' statement before 'default'                                                                                                    no-fallthrough
  1:80032  warning  Unnecessary escape character: \-                                                                                                                 no-useless-escape
  1:89485  warning  'r' is defined but never used                                                                                                                    no-unused-vars
  1:89543  warning  Unnecessary escape character: \.                                                                                                                 no-useless-escape
  1:89545  warning  Unnecessary escape character: \/                                                                                                                 no-useless-escape
  1:90733  warning  Unnecessary escape character: \.                                                                                                                 no-useless-escape
  1:90735  warning  Unnecessary escape character: \^                                                                                                                 no-useless-escape
  1:90739  warning  Unnecessary escape character: \[                                                                                                                 no-useless-escape
  1:90741  warning  Unnecessary escape character: \-                                                                                                                 no-useless-escape
  1:90780  warning  Unnecessary escape character: \.                                                                                                                 no-useless-escape
  1:90782  warning  Unnecessary escape character: \/                                                                                                                 no-useless-escape
  1:91000  warning  Do not access Object.prototype method 'hasOwnProperty' from target object                                                                        no-prototype-builtins

/home/runner/work/exp-accelerometer-coep/exp-accelerometer-coep/experiment/simulation/src/graph.js
  2:10  warning  'FrequencyGraph' is defined but never used  no-unused-vars
  3:1   warning  'Highcharts' is not defined                 no-undef

/home/runner/work/exp-accelerometer-coep/exp-accelerometer-coep/experiment/simulation/src/mainPage.js
    2:1   warning  'tableReading' is not defined         no-undef
    3:10  warning  'mainPage' is defined but never used  no-unused-vars
    4:2   warning  '$' is not defined                    no-undef
    5:6   warning  '$' is not defined                    no-undef
    7:7   warning  '$' is not defined                    no-undef
    8:7   warning  '$' is not defined                    no-undef
   10:7   warning  '$' is not defined                    no-undef
   39:1   warning  Mixed spaces and tabs                 no-mixed-spaces-and-tabs
   40:1   warning  Mixed spaces and tabs                 no-mixed-spaces-and-tabs
   41:1   warning  Mixed spaces and tabs                 no-mixed-spaces-and-tabs
   42:1   warning  Mixed spaces and tabs                 no-mixed-spaces-and-tabs
   43:1   warning  Mixed spaces and tabs                 no-mixed-spaces-and-tabs
   44:1   warning  Mixed spaces and tabs                 no-mixed-spaces-and-tabs
   45:1   warning  Mixed spaces and tabs                 no-mixed-spaces-and-tabs
   49:1   warning  Mixed spaces and tabs                 no-mixed-spaces-and-tabs
   50:1   warning  Mixed spaces and tabs                 no-mixed-spaces-and-tabs
   51:1   warning  Mixed spaces and tabs                 no-mixed-spaces-and-tabs
   52:1   warning  Mixed spaces and tabs                 no-mixed-spaces-and-tabs
   53:1   warning  Mixed spaces and tabs                 no-mixed-spaces-and-tabs
   54:1   warning  Mixed spaces and tabs                 no-mixed-spaces-and-tabs
   55:1   warning  Mixed spaces and tabs                 no-mixed-spaces-and-tabs
   56:1   warning  Mixed spaces and tabs                 no-mixed-spaces-and-tabs
   57:1   warning  Mixed spaces and tabs                 no-mixed-spaces-and-tabs
   58:1   warning  Mixed spaces and tabs                 no-mixed-spaces-and-tabs
   59:1   warning  Mixed spaces and tabs                 no-mixed-spaces-and-tabs
   60:1   warning  Mixed spaces and tabs                 no-mixed-spaces-and-tabs
   61:1   warning  Mixed spaces and tabs                 no-mixed-spaces-and-tabs
   62:1   warning  Mixed spaces and tabs                 no-mixed-spaces-and-tabs
   63:1   warning  Mixed spaces and tabs                 no-mixed-spaces-and-tabs
   64:1   warning  Mixed spaces and tabs                 no-mixed-spaces-and-tabs
   65:1   warning  Mixed spaces and tabs                 no-mixed-spaces-and-tabs
   66:1   warning  Mixed spaces and tabs                 no-mixed-spaces-and-tabs
   67:1   warning  Mixed spaces and tabs                 no-mixed-spaces-and-tabs
   68:1   warning  Mixed spaces and tabs                 no-mixed-spaces-and-tabs
   69:1   warning  Mixed spaces and tabs                 no-mixed-spaces-and-tabs
   70:1   warning  Mixed spaces and tabs                 no-mixed-spaces-and-tabs
   71:1   warning  Mixed spaces and tabs                 no-mixed-spaces-and-tabs
   72:1   warning  Mixed spaces and tabs                 no-mixed-spaces-and-tabs
   73:1   warning  Mixed spaces and tabs                 no-mixed-spaces-and-tabs
   74:1   warning  Mixed spaces and tabs                 no-mixed-spaces-and-tabs
   75:1   warning  Mixed spaces and tabs                 no-mixed-spaces-and-tabs
   76:1   warning  Mixed spaces and tabs                 no-mixed-spaces-and-tabs
   77:1   warning  Mixed spaces and tabs                 no-mixed-spaces-and-tabs
   78:1   warning  Mixed spaces and tabs                 no-mixed-spaces-and-tabs
   79:1   warning  Mixed spaces and tabs                 no-mixed-spaces-and-tabs
   80:1   warning  Mixed spaces and tabs                 no-mixed-spaces-and-tabs
   82:1   warning  Mixed spaces and tabs                 no-mixed-spaces-and-tabs
   83:1   warning  Mixed spaces and tabs                 no-mixed-spaces-and-tabs
   84:1   warning  Mixed spaces and tabs                 no-mixed-spaces-and-tabs
   85:1   warning  Mixed spaces and tabs                 no-mixed-spaces-and-tabs
   88:1   warning  Mixed spaces and tabs                 no-mixed-spaces-and-tabs
   89:1   warning  Mixed spaces and tabs                 no-mixed-spaces-and-tabs
   90:1   warning  Mixed spaces and tabs                 no-mixed-spaces-and-tabs
   93:1   warning  Mixed spaces and tabs                 no-mixed-spaces-and-tabs
   94:1   warning  Mixed spaces and tabs                 no-mixed-spaces-and-tabs
   96:1   warning  Mixed spaces and tabs                 no-mixed-spaces-and-tabs
   97:1   warning  Mixed spaces and tabs                 no-mixed-spaces-and-tabs
   98:1   warning  Mixed spaces and tabs                 no-mixed-spaces-and-tabs
   99:1   warning  Mixed spaces and tabs                 no-mixed-spaces-and-tabs
  102:1   warning  Mixed spaces and tabs                 no-mixed-spaces-and-tabs
  103:1   warning  Mixed spaces and tabs                 no-mixed-spaces-and-tabs
  104:1   warning  Mixed spaces and tabs                 no-mixed-spaces-and-tabs
  107:1   warning  Mixed spaces and tabs                 no-mixed-spaces-and-tabs
  108:1   warning  Mixed spaces and tabs                 no-mixed-spaces-and-tabs
  110:1   warning  Mixed spaces and tabs                 no-mixed-spaces-and-tabs
  111:1   warning  Mixed spaces and tabs                 no-mixed-spaces-and-tabs
  112:1   warning  Mixed spaces and tabs                 no-mixed-spaces-and-tabs
  113:1   warning  Mixed spaces and tabs                 no-mixed-spaces-and-tabs
  114:1   warning  Mixed spaces and tabs                 no-mixed-spaces-and-tabs
  118:1   warning  Mixed spaces and tabs                 no-mixed-spaces-and-tabs
  119:1   warning  Mixed spaces and tabs                 no-mixed-spaces-and-tabs
  120:1   warning  Mixed spaces and tabs                 no-mixed-spaces-and-tabs
  123:1   warning  Mixed spaces and tabs                 no-mixed-spaces-and-tabs
  124:1   warning  Mixed spaces and tabs                 no-mixed-spaces-and-tabs
  126:1   warning  Mixed spaces and tabs                 no-mixed-spaces-and-tabs
  127:1   warning  Mixed spaces and tabs                 no-mixed-spaces-and-tabs
  128:1   warning  Mixed spaces and tabs                 no-mixed-spaces-and-tabs
  130:1   warning  Mixed spaces and tabs                 no-mixed-spaces-and-tabs
  152:3   warning  '$' is not defined                    no-undef
  154:6   warning  '$' is not defined                    no-undef
  155:2   warning  'massSelect' is not defined           no-undef
  155:15  warning  '$' is not defined                    no-undef
  156:2   warning  'massDSelect' is not defined          no-undef
  156:16  warning  '$' is not defined                    no-undef
  157:2   warning  'sconstSelect' is not defined         no-undef
  157:17  warning  '$' is not defined                    no-undef
  159:1   warning  Mixed spaces and tabs                 no-mixed-spaces-and-tabs
  159:8   warning  'massSelect' is not defined           no-undef
  160:3   warning  '$' is not defined                    no-undef
  161:3   warning  '$' is not defined                    no-undef
  163:11  warning  'massDSelect' is not defined          no-undef
  164:3   warning  '$' is not defined                    no-undef
  165:3   warning  '$' is not defined                    no-undef
  167:11  warning  'sconstSelect' is not defined         no-undef
  168:3   warning  '$' is not defined                    no-undef
  169:3   warning  '$' is not defined                    no-undef
  172:3   warning  '$' is not defined                    no-undef
  174:3   warning  '$' is not defined                    no-undef
  175:3   warning  '$' is not defined                    no-undef
  176:3   warning  '$' is not defined                    no-undef
  177:3   warning  '$' is not defined                    no-undef
  178:3   warning  '$' is not defined                    no-undef
  179:3   warning  '$' is not defined                    no-undef
  180:3   warning  '$' is not defined                    no-undef
  181:8   warning  'mimic' is not defined                no-undef
  181:14  warning  'massSelect' is not defined           no-undef
  181:25  warning  'massDSelect' is not defined          no-undef
  181:37  warning  'sconstSelect' is not defined         no-undef
  192:2   warning  'fqFormula' is not defined            no-undef
  195:6   warning  '$' is not defined                    no-undef
  196:3   warning  Mixed spaces and tabs                 no-mixed-spaces-and-tabs
  197:5   warning  '$' is not defined                    no-undef
  198:3   warning  Mixed spaces and tabs                 no-mixed-spaces-and-tabs
  198:16  warning  '$' is not defined                    no-undef
  199:3   warning  Mixed spaces and tabs                 no-mixed-spaces-and-tabs
  200:3   warning  Mixed spaces and tabs                 no-mixed-spaces-and-tabs
  202:15  warning  'clculatedFrequency' is not defined   no-undef
  203:6   warning  'checkAns' is not defined             no-undef
  204:6   warning  '$' is not defined                    no-undef
  205:6   warning  '$' is not defined                    no-undef
  207:5   warning  '$' is not defined                    no-undef
  209:22  warning  'clculatedFrequency' is not defined   no-undef
  212:5   warning  '$' is not defined                    no-undef
  219:5   warning  '$' is not defined                    no-undef
  225:15  warning  'clculatedFrequency' is not defined   no-undef
  226:6   warning  'checkAns' is not defined             no-undef
  227:5   warning  '$' is not defined                    no-undef
  228:5   warning  '$' is not defined                    no-undef
  231:5   warning  '$' is not defined                    no-undef
  235:6   warning  'checkAns' is not defined             no-undef
  236:5   warning  Mixed spaces and tabs                 no-mixed-spaces-and-tabs
  236:7   warning  '$' is not defined                    no-undef
  236:74  warning  'clculatedFrequency' is not defined   no-undef
  246:2   warning  'fqConvrtFormula' is not defined      no-undef
  247:2   warning  'id2' is not defined                  no-undef
  248:6   warning  '$' is not defined                    no-undef
  249:3   warning  Mixed spaces and tabs                 no-mixed-spaces-and-tabs
  250:5   warning  '$' is not defined                    no-undef
  251:3   warning  Mixed spaces and tabs                 no-mixed-spaces-and-tabs
  251:28  warning  '$' is not defined                    no-undef
  253:2   warning  Mixed spaces and tabs                 no-mixed-spaces-and-tabs
  253:10  warning  'id2' is not defined                  no-undef
  255:27  warning  'convertFq' is not defined            no-undef
  256:6   warning  'checkAns' is not defined             no-undef
  257:6   warning  '$' is not defined                    no-undef
  258:6   warning  '$' is not defined                    no-undef
  261:5   warning  '$' is not defined                    no-undef
  263:34  warning  'convertFq' is not defined            no-undef
  266:5   warning  '$' is not defined                    no-undef
  271:15  warning  'id2' is not defined                  no-undef
  273:5   warning  '$' is not defined                    no-undef
  273:62  warning  'fqConvrtFormula' is not defined      no-undef
  279:27  warning  'convertFq' is not defined            no-undef
  280:6   warning  'checkAns' is not defined             no-undef
  281:5   warning  '$' is not defined                    no-undef
  282:5   warning  '$' is not defined                    no-undef
  285:5   warning  '$' is not defined                    no-undef
  289:6   warning  'checkAns' is not defined             no-undef
  290:5   warning  Mixed spaces and tabs                 no-mixed-spaces-and-tabs
  290:7   warning  '$' is not defined                    no-undef
  290:74  warning  'convertFq' is not defined            no-undef
  296:4   warning  'id2' is not defined                  no-undef
  303:2   warning  'id3' is not defined                  no-undef
  304:6   warning  '$' is not defined                    no-undef
  305:3   warning  Mixed spaces and tabs                 no-mixed-spaces-and-tabs
  306:5   warning  '$' is not defined                    no-undef
  307:3   warning  Mixed spaces and tabs                 no-mixed-spaces-and-tabs
  307:27  warning  '$' is not defined                    no-undef
  309:2   warning  Mixed spaces and tabs                 no-mixed-spaces-and-tabs
  309:8   warning  'id3' is not defined                  no-undef
  311:26  warning  'acceleration' is not defined         no-undef
  312:6   warning  'checkAns' is not defined             no-undef
  314:5   warning  '$' is not defined                    no-undef
  320:5   warning  '$' is not defined                    no-undef
  321:5   warning  'addToMasterJSON' is not defined      no-undef
  322:33  warning  'acceleration' is not defined         no-undef
  325:5   warning  '$' is not defined                    no-undef
  330:15  warning  'id3' is not defined                  no-undef
  332:5   warning  '$' is not defined                    no-undef
  338:26  warning  'acceleration' is not defined         no-undef
  339:6   warning  'checkAns' is not defined             no-undef
  341:5   warning  '$' is not defined                    no-undef
  348:5   warning  '$' is not defined                    no-undef
  349:5   warning  'addToMasterJSON' is not defined      no-undef
  352:6   warning  'checkAns' is not defined             no-undef
  353:5   warning  Mixed spaces and tabs                 no-mixed-spaces-and-tabs
  353:7   warning  '$' is not defined                    no-undef
  353:74  warning  'acceleration' is not defined         no-undef
  357:4   warning  'id3' is not defined                  no-undef
  361:1   warning  Mixed spaces and tabs                 no-mixed-spaces-and-tabs

/home/runner/work/exp-accelerometer-coep/exp-accelerometer-coep/experiment/simulation/src/mimic.js
   11:5   warning  'convertFq1s' is defined but never used           no-unused-vars
   13:10  warning  'mimic' is defined but never used                 no-unused-vars
   15:5   warning  '$' is not defined                                no-undef
   16:5   warning  '$' is not defined                                no-undef
   17:5   warning  '$' is not defined                                no-undef
   19:1   warning  '$' is not defined                                no-undef
   20:2   warning  '$' is not defined                                no-undef
   24:14  warning  '$' is not defined                                no-undef
   26:6   warning  '$' is not defined                                no-undef
   27:3   warning  'width' is assigned a value but never used        no-unused-vars
   27:11  warning  '$' is not defined                                no-undef
   28:3   warning  'paper' is not defined                            no-undef
   28:15  warning  'Raphael' is not defined                          no-undef
   29:3   warning  'paper' is not defined                            no-undef
   30:3   warning  'paper' is not defined                            no-undef
   32:3   warning  'paper' is not defined                            no-undef
   32:15  warning  'Raphael' is not defined                          no-undef
   33:3   warning  'paper' is not defined                            no-undef
   34:3   warning  'paper' is not defined                            no-undef
   40:5   warning  'time' is assigned a value but never used         no-unused-vars
   41:5   warning  'application' is assigned a value but never used  no-unused-vars
   46:38  warning  Unnecessary semicolon                             no-extra-semi
   53:1   warning  Mixed spaces and tabs                             no-mixed-spaces-and-tabs
   56:1   warning  Mixed spaces and tabs                             no-mixed-spaces-and-tabs
   59:2   warning  'convertFq1' is not defined                       no-undef
   60:14  warning  'convertFq1' is not defined                       no-undef
   61:1   warning  Mixed spaces and tabs                             no-mixed-spaces-and-tabs
   67:11  warning  'paper' is not defined                            no-undef
   68:1   warning  'paper' is not defined                            no-undef
   70:10  warning  'paper' is not defined                            no-undef
   71:1   warning  'paper' is not defined                            no-undef
   73:11  warning  'paper' is not defined                            no-undef
   74:1   warning  'paper' is not defined                            no-undef
   77:11  warning  'shaker' is assigned a value but never used       no-unused-vars
   77:25  warning  'dashpot' is assigned a value but never used      no-unused-vars
   81:8   warning  'paper' is not defined                            no-undef
   82:9   warning  'paper' is not defined                            no-undef
   83:5   warning  'Name1' is assigned a value but never used        no-unused-vars
   83:12  warning  'paper' is not defined                            no-undef
   84:5   warning  'Name2' is assigned a value but never used        no-unused-vars
   84:12  warning  'paper' is not defined                            no-undef
   85:10  warning  'paper' is not defined                            no-undef
   87:8   warning  'paper' is not defined                            no-undef
   98:1   warning  'voltage' is not defined                          no-undef
   98:10  warning  'paper' is not defined                            no-undef
  127:25  warning  'Raphael' is not defined                          no-undef
  147:27  warning  'Raphael' is not defined                          no-undef
  156:17  warning  'middleRod' is already defined                    no-redeclare
  157:8   warning  'paper' is not defined                            no-undef
  158:8   warning  'paper' is not defined                            no-undef
  160:8   warning  'paper' is not defined                            no-undef
  161:8   warning  'paper' is not defined                            no-undef
  164:5   warning  'rightE' is assigned a value but never used       no-unused-vars
  164:12  warning  'paper' is not defined                            no-undef
  166:5   warning  'leftE' is assigned a value but never used        no-unused-vars
  166:11  warning  'paper' is not defined                            no-undef
  168:11  warning  'paper' is not defined                            no-undef
  174:7   warning  'paper' is not defined                            no-undef
  175:7   warning  'paper' is not defined                            no-undef
  195:10  warning  'paper' is not defined                            no-undef
  214:10  warning  'paper' is not defined                            no-undef
  234:1   warning  Mixed spaces and tabs                             no-mixed-spaces-and-tabs
  240:5   warning  'flag' is assigned a value but never used         no-unused-vars
  249:1   warning  'FrequencyGraph' is not defined                   no-undef
  255:2   warning  'mainPage' is not defined                         no-undef
  256:1   warning  '$' is not defined                                no-undef
  257:2   warning  '$' is not defined                                no-undef
  258:3   warning  '$' is not defined                                no-undef
  259:3   warning  '$' is not defined                                no-undef
  266:2   warning  'paper' is not defined                            no-undef
  267:8   warning  'paper' is not defined                            no-undef
  268:1   warning  'paper' is not defined                            no-undef
  270:7   warning  'paper' is not defined                            no-undef
  271:1   warning  'paper' is not defined                            no-undef
  273:8   warning  'paper' is not defined                            no-undef
  274:1   warning  'paper' is not defined                            no-undef
  277:5   warning  'p1' is assigned a value but never used           no-unused-vars
  277:8   warning  'paper' is not defined                            no-undef
  278:5   warning  'p2' is assigned a value but never used           no-unused-vars
  278:8   warning  'paper' is not defined                            no-undef
  280:5   warning  'p3' is assigned a value but never used           no-unused-vars
  280:8   warning  'paper' is not defined                            no-undef
  281:5   warning  'p4' is assigned a value but never used           no-unused-vars
  281:8   warning  'paper' is not defined                            no-undef
  286:10  warning  'addToMasterJSON' is defined but never used       no-unused-vars
  287:2   warning  'tempJson' is not defined                         no-undef
  288:7   warning  'tempJson' is not defined                         no-undef
  289:7   warning  'tempJson' is not defined                         no-undef
  290:7   warning  'tempJson' is not defined                         no-undef
  291:7   warning  'tempJson' is not defined                         no-undef
  292:7   warning  'tempJson' is not defined                         no-undef
  293:7   warning  'tempJson' is not defined                         no-undef
  296:22  warning  'tempJson' is not defined                         no-undef
  299:7   warning  'tableCreate' is not defined                      no-undef

/home/runner/work/exp-accelerometer-coep/exp-accelerometer-coep/experiment/simulation/src/questionJson.js
    3:1  warning  'QuestionsJSON' is not defined                   no-undef
  114:5  warning  'ANSWERJSON' is assigned a value but never used  no-unused-vars

/home/runner/work/exp-accelerometer-coep/exp-accelerometer-coep/experiment/simulation/src/questions.js
    4:4   warning  'data' is not defined            no-undef
    5:4   warning  'dataQues' is not defined        no-undef
   11:24  warning  'QuestionsJSON' is not defined   no-undef
   13:25  warning  'QuestionsJSON' is not defined   no-undef
   19:9   warning  'QuestionsJSON' is not defined   no-undef
   22:26  warning  'QuestionsJSON' is not defined   no-undef
   27:86  warning  'QuestionsJSON' is not defined   no-undef
   29:10  warning  'QuestionsJSON' is not defined   no-undef
   32:10  warning  'QuestionsJSON' is not defined   no-undef
   73:4   warning  '$' is not defined               no-undef
   75:4   warning  '$' is not defined               no-undef
   76:5   warning  '$' is not defined               no-undef
   80:26  warning  'QuestionsJSON' is not defined   no-undef
   82:17  warning  '$' is not defined               no-undef
   85:19  warning  '$' is not defined               no-undef
   88:17  warning  '$' is not defined               no-undef
   95:8   warning  '$' is not defined               no-undef
   96:8   warning  '$' is not defined               no-undef
  109:16  warning  'i' is already defined           no-redeclare
  114:7   warning  'dataQues' is not defined        no-undef
  115:6   warning  Mixed spaces and tabs            no-mixed-spaces-and-tabs
  115:8   warning  'data' is not defined            no-undef
  115:23  warning  'dataQues' is not defined        no-undef
  116:6   warning  Mixed spaces and tabs            no-mixed-spaces-and-tabs
  116:20  warning  'data' is not defined            no-undef
  117:6   warning  Mixed spaces and tabs            no-mixed-spaces-and-tabs
  118:6   warning  Mixed spaces and tabs            no-mixed-spaces-and-tabs
  118:8   warning  '$' is not defined               no-undef
  119:26  warning  '$' is not defined               no-undef
  120:6   warning  Mixed spaces and tabs            no-mixed-spaces-and-tabs
  121:6   warning  Mixed spaces and tabs            no-mixed-spaces-and-tabs
  121:11  warning  '$' is not defined               no-undef
  123:2   warning  Mixed spaces and tabs            no-mixed-spaces-and-tabs
  126:6   warning  '$' is not defined               no-undef
  127:6   warning  Mixed spaces and tabs            no-mixed-spaces-and-tabs
  128:1   warning  Mixed spaces and tabs            no-mixed-spaces-and-tabs
  131:5   warning  '$' is not defined               no-undef
  132:1   warning  Mixed spaces and tabs            no-mixed-spaces-and-tabs
  132:15  warning  '$' is not defined               no-undef
  133:5   warning  'mainPage' is not defined        no-undef
  141:1   warning  '$' is not defined               no-undef
  143:3   warning  'FrequencyGraph' is not defined  no-undef

/home/runner/work/exp-accelerometer-coep/exp-accelerometer-coep/experiment/simulation/src/table.js
   2:10  warning  'tableCreate' is defined but never used  no-unused-vars
  58:6   warning  'tableReading' is not defined            no-undef
  62:2   warning  '$' is not defined                       no-undef
  63:2   warning  'tableReading' is not defined            no-undef
  65:2   warning  '$' is not defined                       no-undef
  66:3   warning  '$' is not defined                       no-undef

✖ 510 problems (1 error, 509 warnings)
  0 errors and 1 warning potentially fixable with the `--fix` option.

